<?xml version="1.0" encoding="UTF-8"?>
<!-- Generated by org.testng.reporters.JUnitReportReporter -->
<testsuite hostname="M1525104" name="com.cerner.pctorion.chartTests.ORN_VR_VISITLIST" tests="1" failures="0" timestamp="6 Jan 2017 04:12:32 GMT" time="129.959" errors="0">
  <testcase name="ornVrVisitList" time="129.959" classname="com.cerner.pctorion.chartTests.ORN_VR_VISITLIST"/>
</testsuite> <!-- com.cerner.pctorion.chartTests.ORN_VR_VISITLIST -->
